[debug] [2023-03-16T16:05:07.763Z] ----------------------------------------------------------------------
[debug] [2023-03-16T16:05:07.767Z] Command:       C:\Program Files\nodejs\node.exe C:\Users\antoa\AppData\Roaming\npm\node_modules\firebase-tools\lib\bin\firebase.js deploy --only functions
[debug] [2023-03-16T16:05:07.767Z] CLI Version:   11.24.1
[debug] [2023-03-16T16:05:07.768Z] Platform:      win32
[debug] [2023-03-16T16:05:07.768Z] Node Version:  v18.13.0
[debug] [2023-03-16T16:05:07.769Z] Time:          Thu Mar 16 2023 21:35:07 GMT+0530 (India Standard Time)
[debug] [2023-03-16T16:05:07.770Z] ----------------------------------------------------------------------
[debug] 
[debug] [2023-03-16T16:05:07.775Z] >>> [apiv2][query] GET https://firebase-public.firebaseio.com/cli.json [none]
[debug] [2023-03-16T16:05:07.928Z] > command requires scopes: ["email","openid","https://www.googleapis.com/auth/cloudplatformprojects.readonly","https://www.googleapis.com/auth/firebase","https://www.googleapis.com/auth/cloud-platform"]
[debug] [2023-03-16T16:05:07.929Z] > authorizing via signed-in user (antoanson6@gmail.com)
[debug] [2023-03-16T16:05:07.929Z] [iam] checking project nk23-a5689 for permissions ["cloudfunctions.functions.create","cloudfunctions.functions.delete","cloudfunctions.functions.get","cloudfunctions.functions.list","cloudfunctions.functions.update","cloudfunctions.operations.get","firebase.projects.get"]
[debug] [2023-03-16T16:05:07.930Z] >>> [apiv2][query] POST https://cloudresourcemanager.googleapis.com/v1/projects/nk23-a5689:testIamPermissions [none]
[debug] [2023-03-16T16:05:07.930Z] >>> [apiv2][(partial)header] POST https://cloudresourcemanager.googleapis.com/v1/projects/nk23-a5689:testIamPermissions x-goog-quota-user=projects/nk23-a5689
[debug] [2023-03-16T16:05:07.930Z] >>> [apiv2][body] POST https://cloudresourcemanager.googleapis.com/v1/projects/nk23-a5689:testIamPermissions {"permissions":["cloudfunctions.functions.create","cloudfunctions.functions.delete","cloudfunctions.functions.get","cloudfunctions.functions.list","cloudfunctions.functions.update","cloudfunctions.operations.get","firebase.projects.get"]}
[debug] [2023-03-16T16:05:08.514Z] <<< [apiv2][status] GET https://firebase-public.firebaseio.com/cli.json 200
[debug] [2023-03-16T16:05:08.514Z] <<< [apiv2][body] GET https://firebase-public.firebaseio.com/cli.json {"cloudBuildErrorAfter":1594252800000,"cloudBuildWarnAfter":1590019200000,"defaultNode10After":1594252800000,"minVersion":"3.0.5","node8DeploysDisabledAfter":1613390400000,"node8RuntimeDisabledAfter":1615809600000,"node8WarnAfter":1600128000000}
[debug] [2023-03-16T16:05:09.277Z] <<< [apiv2][status] POST https://cloudresourcemanager.googleapis.com/v1/projects/nk23-a5689:testIamPermissions 200
[debug] [2023-03-16T16:05:09.278Z] <<< [apiv2][body] POST https://cloudresourcemanager.googleapis.com/v1/projects/nk23-a5689:testIamPermissions {"permissions":["cloudfunctions.functions.create","cloudfunctions.functions.delete","cloudfunctions.functions.get","cloudfunctions.functions.list","cloudfunctions.functions.update","cloudfunctions.operations.get","firebase.projects.get"]}
[debug] [2023-03-16T16:05:09.279Z] >>> [apiv2][query] POST https://iam.googleapis.com/v1/projects/nk23-a5689/serviceAccounts/nk23-a5689@appspot.gserviceaccount.com:testIamPermissions [none]
[debug] [2023-03-16T16:05:09.279Z] >>> [apiv2][body] POST https://iam.googleapis.com/v1/projects/nk23-a5689/serviceAccounts/nk23-a5689@appspot.gserviceaccount.com:testIamPermissions {"permissions":["iam.serviceAccounts.actAs"]}
[debug] [2023-03-16T16:05:10.616Z] <<< [apiv2][status] POST https://iam.googleapis.com/v1/projects/nk23-a5689/serviceAccounts/nk23-a5689@appspot.gserviceaccount.com:testIamPermissions 200
[debug] [2023-03-16T16:05:10.617Z] <<< [apiv2][body] POST https://iam.googleapis.com/v1/projects/nk23-a5689/serviceAccounts/nk23-a5689@appspot.gserviceaccount.com:testIamPermissions {"permissions":["iam.serviceAccounts.actAs"]}
[info] 
[info] === Deploying to 'nk23-a5689'...
[info] 
[info] i  deploying functions 
[info] Running command: npm --prefix "$RESOURCE_DIR" run lint
[info] +  functions: Finished running predeploy script. 
[debug] [2023-03-16T16:05:15.945Z] >>> [apiv2][query] GET https://firebase.googleapis.com/v1beta1/projects/nk23-a5689 [none]
[debug] [2023-03-16T16:05:16.807Z] <<< [apiv2][status] GET https://firebase.googleapis.com/v1beta1/projects/nk23-a5689 200
[debug] [2023-03-16T16:05:16.807Z] <<< [apiv2][body] GET https://firebase.googleapis.com/v1beta1/projects/nk23-a5689 {"projectId":"nk23-a5689","projectNumber":"1045640053442","displayName":"NK23","name":"projects/nk23-a5689","resources":{"hostingSite":"nk23-a5689","storageBucket":"nk23-a5689.appspot.com","locationId":"asia-south1"},"state":"ACTIVE","etag":"1_4cbaf3d9-5441-48f1-811e-fb9eb76796c5"}
[info] i  functions: preparing codebase default for deployment 
[info] i  functions: ensuring required API cloudfunctions.googleapis.com is enabled... 
[info] i  functions: ensuring required API cloudbuild.googleapis.com is enabled... 
[info] i  artifactregistry: ensuring required API artifactregistry.googleapis.com is enabled... 
[debug] [2023-03-16T16:05:16.812Z] >>> [apiv2][query] GET https://serviceusage.googleapis.com/v1/projects/nk23-a5689/services/cloudfunctions.googleapis.com [none]
[debug] [2023-03-16T16:05:16.812Z] >>> [apiv2][(partial)header] GET https://serviceusage.googleapis.com/v1/projects/nk23-a5689/services/cloudfunctions.googleapis.com x-goog-quota-user=projects/nk23-a5689
[debug] [2023-03-16T16:05:16.814Z] >>> [apiv2][query] GET https://serviceusage.googleapis.com/v1/projects/nk23-a5689/services/runtimeconfig.googleapis.com [none]
[debug] [2023-03-16T16:05:16.814Z] >>> [apiv2][(partial)header] GET https://serviceusage.googleapis.com/v1/projects/nk23-a5689/services/runtimeconfig.googleapis.com x-goog-quota-user=projects/nk23-a5689
[debug] [2023-03-16T16:05:16.816Z] >>> [apiv2][query] GET https://serviceusage.googleapis.com/v1/projects/nk23-a5689/services/cloudbuild.googleapis.com [none]
[debug] [2023-03-16T16:05:16.817Z] >>> [apiv2][(partial)header] GET https://serviceusage.googleapis.com/v1/projects/nk23-a5689/services/cloudbuild.googleapis.com x-goog-quota-user=projects/nk23-a5689
[debug] [2023-03-16T16:05:16.818Z] >>> [apiv2][query] GET https://serviceusage.googleapis.com/v1/projects/nk23-a5689/services/artifactregistry.googleapis.com [none]
[debug] [2023-03-16T16:05:16.819Z] >>> [apiv2][(partial)header] GET https://serviceusage.googleapis.com/v1/projects/nk23-a5689/services/artifactregistry.googleapis.com x-goog-quota-user=projects/nk23-a5689
[debug] [2023-03-16T16:05:18.877Z] <<< [apiv2][status] GET https://serviceusage.googleapis.com/v1/projects/nk23-a5689/services/runtimeconfig.googleapis.com 200
[debug] [2023-03-16T16:05:18.877Z] <<< [apiv2][body] GET https://serviceusage.googleapis.com/v1/projects/nk23-a5689/services/runtimeconfig.googleapis.com [omitted]
[debug] [2023-03-16T16:05:18.878Z] <<< [apiv2][status] GET https://serviceusage.googleapis.com/v1/projects/nk23-a5689/services/artifactregistry.googleapis.com 200
[debug] [2023-03-16T16:05:18.878Z] <<< [apiv2][body] GET https://serviceusage.googleapis.com/v1/projects/nk23-a5689/services/artifactregistry.googleapis.com [omitted]
[info] +  artifactregistry: required API artifactregistry.googleapis.com is enabled 
[debug] [2023-03-16T16:05:18.912Z] <<< [apiv2][status] GET https://serviceusage.googleapis.com/v1/projects/nk23-a5689/services/cloudfunctions.googleapis.com 200
[debug] [2023-03-16T16:05:18.912Z] <<< [apiv2][body] GET https://serviceusage.googleapis.com/v1/projects/nk23-a5689/services/cloudfunctions.googleapis.com [omitted]
[info] +  functions: required API cloudfunctions.googleapis.com is enabled 
[debug] [2023-03-16T16:05:18.915Z] <<< [apiv2][status] GET https://serviceusage.googleapis.com/v1/projects/nk23-a5689/services/cloudbuild.googleapis.com 200
[debug] [2023-03-16T16:05:18.915Z] <<< [apiv2][body] GET https://serviceusage.googleapis.com/v1/projects/nk23-a5689/services/cloudbuild.googleapis.com [omitted]
[info] +  functions: required API cloudbuild.googleapis.com is enabled 
[debug] [2023-03-16T16:05:18.917Z] >>> [apiv2][query] GET https://firebase.googleapis.com/v1beta1/projects/nk23-a5689/adminSdkConfig [none]
[debug] [2023-03-16T16:05:19.371Z] <<< [apiv2][status] GET https://firebase.googleapis.com/v1beta1/projects/nk23-a5689/adminSdkConfig 200
[debug] [2023-03-16T16:05:19.372Z] <<< [apiv2][body] GET https://firebase.googleapis.com/v1beta1/projects/nk23-a5689/adminSdkConfig {"projectId":"nk23-a5689","storageBucket":"nk23-a5689.appspot.com","locationId":"asia-south1"}
[debug] [2023-03-16T16:05:19.372Z] >>> [apiv2][query] GET https://runtimeconfig.googleapis.com/v1beta1/projects/nk23-a5689/configs [none]
[debug] [2023-03-16T16:05:19.867Z] <<< [apiv2][status] GET https://runtimeconfig.googleapis.com/v1beta1/projects/nk23-a5689/configs 200
[debug] [2023-03-16T16:05:19.867Z] <<< [apiv2][body] GET https://runtimeconfig.googleapis.com/v1beta1/projects/nk23-a5689/configs {}
[debug] [2023-03-16T16:05:19.869Z] Validating nodejs source
[debug] [2023-03-16T16:05:22.453Z] > [functions] package.json contents: {
  "name": "functions",
  "description": "Cloud Functions for Firebase",
  "scripts": {
    "lint": "eslint .",
    "serve": "firebase emulators:start --only functions",
    "shell": "firebase functions:shell",
    "start": "npm run shell",
    "deploy": "firebase deploy --only functions",
    "logs": "firebase functions:log"
  },
  "engines": {
    "node": "16"
  },
  "main": "index.js",
  "dependencies": {
    "body-parser": "^1.20.2",
    "cors": "^2.8.5",
    "firebase-admin": "^11.5.0",
    "firebase-functions": "^4.2.1",
    "razorpay": "^2.8.6",
    "shortid": "^2.2.16",
    "twilio": "^4.8.0"
  },
  "devDependencies": {
    "eslint": "^8.15.0",
    "eslint-config-google": "^0.14.0",
    "firebase-functions-test": "^3.0.0"
  },
  "private": true
}
[debug] [2023-03-16T16:05:22.454Z] Building nodejs source
[debug] [2023-03-16T16:05:22.455Z] Could not find functions.yaml. Must use http discovery
[debug] [2023-03-16T16:05:22.465Z] Found firebase-functions binary at 'D:\Code\nk23\NK23backend\functions\node_modules\.bin\firebase-functions'
[debug] [2023-03-16T16:05:22.755Z] Serving at port 8336

[debug] [2023-03-16T16:05:23.583Z] Listening on port 1748

[debug] [2023-03-16T16:05:23.589Z] Got response from /__/functions.yaml {"endpoints":{"app":{"platform":"gcfv1","availableMemoryMb":null,"timeoutSeconds":null,"minInstances":null,"maxInstances":null,"ingressSettings":null,"serviceAccountEmail":null,"vpc":null,"region":["asia-south1"],"httpsTrigger":{},"entryPoint":"app"}},"specVersion":"v1alpha1","requiredAPIs":[]}
[debug] [2023-03-16T16:05:23.599Z] shutdown requested via /__/quitquitquit

[info] i  functions: Loaded environment variables from .env. 
[info] i  functions: preparing functions directory for uploading... 
[info] i  functions: packaged D:\Code\nk23\NK23backend\functions (158.57 KB) for uploading 
[debug] [2023-03-16T16:05:33.709Z] >>> [apiv2][query] GET https://cloudfunctions.googleapis.com/v1/projects/nk23-a5689/locations/-/functions [none]
[debug] [2023-03-16T16:05:44.757Z] [functions] failed to list functions for nk23-a5689
[debug] [2023-03-16T16:05:44.757Z] [functions] Failed to make request to https://cloudfunctions.googleapis.com/v1/projects/nk23-a5689/locations/-/functions
[debug] [2023-03-16T16:05:49.764Z] Error: Timed out.
    at Timeout._onTimeout (C:\Users\antoa\AppData\Roaming\npm\node_modules\firebase-tools\lib\utils.js:253:49)
    at listOnTimeout (node:internal/timers:564:17)
    at process.processTimers (node:internal/timers:507:7)
[error] 
[error] Error: An unexpected error has occurred.
